Analysis & Synthesis report for ED_aula1
Fri Jun 13 15:13:42 2025
Quartus Prime Version 20.1.1 Build 720 11/11/2020 SJ Lite Edition


---------------------
; Table of Contents ;
---------------------
  1. Legal Notice
  2. Analysis & Synthesis Summary
  3. Analysis & Synthesis Settings
  4. Parallel Compilation
  5. Analysis & Synthesis Source Files Read
  6. Analysis & Synthesis Resource Usage Summary
  7. Analysis & Synthesis Resource Utilization by Entity
  8. General Register Statistics
  9. Parameter Settings for User Entity Instance: LPM_COUNTER:inst5
 10. Parameter Settings for User Entity Instance: LPM_COUNTER:inst4
 11. Post-Synthesis Netlist Statistics for Top Partition
 12. Elapsed Time Per Partition
 13. Analysis & Synthesis Messages



----------------
; Legal Notice ;
----------------
Copyright (C) 2020  Intel Corporation. All rights reserved.
Your use of Intel Corporation's design tools, logic functions 
and other software and tools, and any partner logic 
functions, and any output files from any of the foregoing 
(including device programming or simulation files), and any 
associated documentation or information are expressly subject 
to the terms and conditions of the Intel Program License 
Subscription Agreement, the Intel Quartus Prime License Agreement,
the Intel FPGA IP License Agreement, or other applicable license
agreement, including, without limitation, that your use is for
the sole purpose of programming logic devices manufactured by
Intel and sold by Intel or its authorized distributors.  Please
refer to the applicable agreement for further details, at
https://fpgasoftware.intel.com/eula.



+----------------------------------------------------------------------------------+
; Analysis & Synthesis Summary                                                     ;
+------------------------------------+---------------------------------------------+
; Analysis & Synthesis Status        ; Successful - Fri Jun 13 15:13:42 2025       ;
; Quartus Prime Version              ; 20.1.1 Build 720 11/11/2020 SJ Lite Edition ;
; Revision Name                      ; ED_aula1                                    ;
; Top-level Entity Name              ; ED_aula1                                    ;
; Family                             ; Cyclone IV E                                ;
; Total logic elements               ; 117                                         ;
;     Total combinational functions  ; 117                                         ;
;     Dedicated logic registers      ; 52                                          ;
; Total registers                    ; 52                                          ;
; Total pins                         ; 12                                          ;
; Total virtual pins                 ; 0                                           ;
; Total memory bits                  ; 0                                           ;
; Embedded Multiplier 9-bit elements ; 0                                           ;
; Total PLLs                         ; 0                                           ;
+------------------------------------+---------------------------------------------+


+------------------------------------------------------------------------------------------------------------+
; Analysis & Synthesis Settings                                                                              ;
+------------------------------------------------------------------+--------------------+--------------------+
; Option                                                           ; Setting            ; Default Value      ;
+------------------------------------------------------------------+--------------------+--------------------+
; Device                                                           ; EP4CE6E22C8        ;                    ;
; Top-level entity name                                            ; ED_aula1           ; ED_aula1           ;
; Family name                                                      ; Cyclone IV E       ; Cyclone V          ;
; Use smart compilation                                            ; Off                ; Off                ;
; Enable parallel Assembler and Timing Analyzer during compilation ; On                 ; On                 ;
; Enable compact report table                                      ; Off                ; Off                ;
; Restructure Multiplexers                                         ; Auto               ; Auto               ;
; Create Debugging Nodes for IP Cores                              ; Off                ; Off                ;
; Preserve fewer node names                                        ; On                 ; On                 ;
; Intel FPGA IP Evaluation Mode                                    ; Enable             ; Enable             ;
; Verilog Version                                                  ; Verilog_2001       ; Verilog_2001       ;
; VHDL Version                                                     ; VHDL_1993          ; VHDL_1993          ;
; State Machine Processing                                         ; Auto               ; Auto               ;
; Safe State Machine                                               ; Off                ; Off                ;
; Extract Verilog State Machines                                   ; On                 ; On                 ;
; Extract VHDL State Machines                                      ; On                 ; On                 ;
; Ignore Verilog initial constructs                                ; Off                ; Off                ;
; Iteration limit for constant Verilog loops                       ; 5000               ; 5000               ;
; Iteration limit for non-constant Verilog loops                   ; 250                ; 250                ;
; Add Pass-Through Logic to Inferred RAMs                          ; On                 ; On                 ;
; Infer RAMs from Raw Logic                                        ; On                 ; On                 ;
; Parallel Synthesis                                               ; On                 ; On                 ;
; DSP Block Balancing                                              ; Auto               ; Auto               ;
; NOT Gate Push-Back                                               ; On                 ; On                 ;
; Power-Up Don't Care                                              ; On                 ; On                 ;
; Remove Redundant Logic Cells                                     ; Off                ; Off                ;
; Remove Duplicate Registers                                       ; On                 ; On                 ;
; Ignore CARRY Buffers                                             ; Off                ; Off                ;
; Ignore CASCADE Buffers                                           ; Off                ; Off                ;
; Ignore GLOBAL Buffers                                            ; Off                ; Off                ;
; Ignore ROW GLOBAL Buffers                                        ; Off                ; Off                ;
; Ignore LCELL Buffers                                             ; Off                ; Off                ;
; Ignore SOFT Buffers                                              ; On                 ; On                 ;
; Limit AHDL Integers to 32 Bits                                   ; Off                ; Off                ;
; Optimization Technique                                           ; Balanced           ; Balanced           ;
; Carry Chain Length                                               ; 70                 ; 70                 ;
; Auto Carry Chains                                                ; On                 ; On                 ;
; Auto Open-Drain Pins                                             ; On                 ; On                 ;
; Perform WYSIWYG Primitive Resynthesis                            ; Off                ; Off                ;
; Auto ROM Replacement                                             ; On                 ; On                 ;
; Auto RAM Replacement                                             ; On                 ; On                 ;
; Auto DSP Block Replacement                                       ; On                 ; On                 ;
; Auto Shift Register Replacement                                  ; Auto               ; Auto               ;
; Allow Shift Register Merging across Hierarchies                  ; Auto               ; Auto               ;
; Auto Clock Enable Replacement                                    ; On                 ; On                 ;
; Strict RAM Replacement                                           ; Off                ; Off                ;
; Allow Synchronous Control Signals                                ; On                 ; On                 ;
; Force Use of Synchronous Clear Signals                           ; Off                ; Off                ;
; Auto RAM Block Balancing                                         ; On                 ; On                 ;
; Auto RAM to Logic Cell Conversion                                ; Off                ; Off                ;
; Auto Resource Sharing                                            ; Off                ; Off                ;
; Allow Any RAM Size For Recognition                               ; Off                ; Off                ;
; Allow Any ROM Size For Recognition                               ; Off                ; Off                ;
; Allow Any Shift Register Size For Recognition                    ; Off                ; Off                ;
; Use LogicLock Constraints during Resource Balancing              ; On                 ; On                 ;
; Ignore translate_off and synthesis_off directives                ; Off                ; Off                ;
; Timing-Driven Synthesis                                          ; On                 ; On                 ;
; Report Parameter Settings                                        ; On                 ; On                 ;
; Report Source Assignments                                        ; On                 ; On                 ;
; Report Connectivity Checks                                       ; On                 ; On                 ;
; Ignore Maximum Fan-Out Assignments                               ; Off                ; Off                ;
; Synchronization Register Chain Length                            ; 2                  ; 2                  ;
; Power Optimization During Synthesis                              ; Normal compilation ; Normal compilation ;
; HDL message level                                                ; Level2             ; Level2             ;
; Suppress Register Optimization Related Messages                  ; Off                ; Off                ;
; Number of Removed Registers Reported in Synthesis Report         ; 5000               ; 5000               ;
; Number of Swept Nodes Reported in Synthesis Report               ; 5000               ; 5000               ;
; Number of Inverted Registers Reported in Synthesis Report        ; 100                ; 100                ;
; Clock MUX Protection                                             ; On                 ; On                 ;
; Auto Gated Clock Conversion                                      ; Off                ; Off                ;
; Block Design Naming                                              ; Auto               ; Auto               ;
; SDC constraint protection                                        ; Off                ; Off                ;
; Synthesis Effort                                                 ; Auto               ; Auto               ;
; Shift Register Replacement - Allow Asynchronous Clear Signal     ; On                 ; On                 ;
; Pre-Mapping Resynthesis Optimization                             ; Off                ; Off                ;
; Analysis & Synthesis Message Level                               ; Medium             ; Medium             ;
; Disable Register Merging Across Hierarchies                      ; Auto               ; Auto               ;
; Resource Aware Inference For Block RAM                           ; On                 ; On                 ;
+------------------------------------------------------------------+--------------------+--------------------+


+------------------------------------------+
; Parallel Compilation                     ;
+----------------------------+-------------+
; Processors                 ; Number      ;
+----------------------------+-------------+
; Number detected on machine ; 16          ;
; Maximum allowed            ; 16          ;
;                            ;             ;
; Average used               ; 1.00        ;
; Maximum used               ; 16          ;
;                            ;             ;
; Usage by Processor         ; % Time Used ;
;     Processor 1            ; 100.0%      ;
;     Processor 2            ;   0.0%      ;
;     Processors 3-16        ;   0.0%      ;
+----------------------------+-------------+


+-----------------------------------------------------------------------------------------------------------------------------------------------------------------------------------------------------------+
; Analysis & Synthesis Source Files Read                                                                                                                                                                    ;
+----------------------------------+-----------------+------------------------------------+-------------------------------------------------------------------------------------------------------+---------+
; File Name with User-Entered Path ; Used in Netlist ; File Type                          ; File Name with Absolute Path                                                                          ; Library ;
+----------------------------------+-----------------+------------------------------------+-------------------------------------------------------------------------------------------------------+---------+
; ED_aula1.bdf                     ; yes             ; User Block Diagram/Schematic File  ; /home/ldealuno/Downloads/Aula_0/Aula_0-20250528T160705Z-1-001/Aula_0/ED_aula1.bdf                     ;         ;
; Contador.bdf                     ; yes             ; User Block Diagram/Schematic File  ; /home/ldealuno/Downloads/Aula_0/Aula_0-20250528T160705Z-1-001/Aula_0/Contador.bdf                     ;         ;
; output_files/Seletor_display.bdf ; yes             ; User Block Diagram/Schematic File  ; /home/ldealuno/Downloads/Aula_0/Aula_0-20250528T160705Z-1-001/Aula_0/output_files/Seletor_display.bdf ;         ;
; Multiplexador.bdf                ; yes             ; User Block Diagram/Schematic File  ; /home/ldealuno/Downloads/Aula_0/Aula_0-20250528T160705Z-1-001/Aula_0/Multiplexador.bdf                ;         ;
; Contador_3DIG.bdf                ; yes             ; User Block Diagram/Schematic File  ; /home/ldealuno/Downloads/Aula_0/Aula_0-20250528T160705Z-1-001/Aula_0/Contador_3DIG.bdf                ;         ;
; lpm_counter.tdf                  ; yes             ; Megafunction                       ; /home/ldealuno/intelFPGA_lite/20.1/quartus/libraries/megafunctions/lpm_counter.tdf                    ;         ;
; lpm_constant.inc                 ; yes             ; Megafunction                       ; /home/ldealuno/intelFPGA_lite/20.1/quartus/libraries/megafunctions/lpm_constant.inc                   ;         ;
; lpm_decode.inc                   ; yes             ; Megafunction                       ; /home/ldealuno/intelFPGA_lite/20.1/quartus/libraries/megafunctions/lpm_decode.inc                     ;         ;
; lpm_add_sub.inc                  ; yes             ; Megafunction                       ; /home/ldealuno/intelFPGA_lite/20.1/quartus/libraries/megafunctions/lpm_add_sub.inc                    ;         ;
; cmpconst.inc                     ; yes             ; Megafunction                       ; /home/ldealuno/intelFPGA_lite/20.1/quartus/libraries/megafunctions/cmpconst.inc                       ;         ;
; lpm_compare.inc                  ; yes             ; Megafunction                       ; /home/ldealuno/intelFPGA_lite/20.1/quartus/libraries/megafunctions/lpm_compare.inc                    ;         ;
; lpm_counter.inc                  ; yes             ; Megafunction                       ; /home/ldealuno/intelFPGA_lite/20.1/quartus/libraries/megafunctions/lpm_counter.inc                    ;         ;
; dffeea.inc                       ; yes             ; Megafunction                       ; /home/ldealuno/intelFPGA_lite/20.1/quartus/libraries/megafunctions/dffeea.inc                         ;         ;
; alt_counter_stratix.inc          ; yes             ; Megafunction                       ; /home/ldealuno/intelFPGA_lite/20.1/quartus/libraries/megafunctions/alt_counter_stratix.inc            ;         ;
; aglobal201.inc                   ; yes             ; Megafunction                       ; /home/ldealuno/intelFPGA_lite/20.1/quartus/libraries/megafunctions/aglobal201.inc                     ;         ;
; db/cntr_9vg.tdf                  ; yes             ; Auto-Generated Megafunction        ; /home/ldealuno/Downloads/Aula_0/Aula_0-20250528T160705Z-1-001/Aula_0/db/cntr_9vg.tdf                  ;         ;
; db/cmpr_cic.tdf                  ; yes             ; Auto-Generated Megafunction        ; /home/ldealuno/Downloads/Aula_0/Aula_0-20250528T160705Z-1-001/Aula_0/db/cmpr_cic.tdf                  ;         ;
; 7447.bdf                         ; yes             ; Megafunction                       ; /home/ldealuno/intelFPGA_lite/20.1/quartus/libraries/others/maxplus2/7447.bdf                         ;         ;
; db/cntr_c2h.tdf                  ; yes             ; Auto-Generated Megafunction        ; /home/ldealuno/Downloads/Aula_0/Aula_0-20250528T160705Z-1-001/Aula_0/db/cntr_c2h.tdf                  ;         ;
+----------------------------------+-----------------+------------------------------------+-------------------------------------------------------------------------------------------------------+---------+


+-----------------------------------------------------------+
; Analysis & Synthesis Resource Usage Summary               ;
+---------------------------------------------+-------------+
; Resource                                    ; Usage       ;
+---------------------------------------------+-------------+
; Estimated Total logic elements              ; 117         ;
;                                             ;             ;
; Total combinational functions               ; 117         ;
; Logic element usage by number of LUT inputs ;             ;
;     -- 4 input functions                    ; 57          ;
;     -- 3 input functions                    ; 6           ;
;     -- <=2 input functions                  ; 54          ;
;                                             ;             ;
; Logic elements by mode                      ;             ;
;     -- normal mode                          ; 85          ;
;     -- arithmetic mode                      ; 32          ;
;                                             ;             ;
; Total registers                             ; 52          ;
;     -- Dedicated logic registers            ; 52          ;
;     -- I/O registers                        ; 0           ;
;                                             ;             ;
; I/O pins                                    ; 12          ;
;                                             ;             ;
; Embedded Multiplier 9-bit elements          ; 0           ;
;                                             ;             ;
; Maximum fan-out node                        ; Clock~input ;
; Maximum fan-out                             ; 34          ;
; Total fan-out                               ; 515         ;
; Average fan-out                             ; 2.67        ;
+---------------------------------------------+-------------+


+------------------------------------------------------------------------------------------------------------------------------------------------------------------------------------------------------------------------------------------------------------------+
; Analysis & Synthesis Resource Utilization by Entity                                                                                                                                                                                                              ;
+---------------------------------+---------------------+---------------------------+-------------+--------------+---------+-----------+------+--------------+--------------------------------------------------------------------+-----------------+--------------+
; Compilation Hierarchy Node      ; Combinational ALUTs ; Dedicated Logic Registers ; Memory Bits ; DSP Elements ; DSP 9x9 ; DSP 18x18 ; Pins ; Virtual Pins ; Full Hierarchy Name                                                ; Entity Name     ; Library Name ;
+---------------------------------+---------------------+---------------------------+-------------+--------------+---------+-----------+------+--------------+--------------------------------------------------------------------+-----------------+--------------+
; |ED_aula1                       ; 117 (3)             ; 52 (2)                    ; 0           ; 0            ; 0       ; 0         ; 12   ; 0            ; |ED_aula1                                                          ; ED_aula1        ; work         ;
;    |Contador_3DIG:inst17|       ; 20 (20)             ; 16 (16)                   ; 0           ; 0            ; 0       ; 0         ; 0    ; 0            ; |ED_aula1|Contador_3DIG:inst17                                     ; Contador_3DIG   ; work         ;
;    |Multiplexador:inst15|       ; 48 (48)             ; 0 (0)                     ; 0           ; 0            ; 0       ; 0         ; 0    ; 0            ; |ED_aula1|Multiplexador:inst15                                     ; Multiplexador   ; work         ;
;    |Seletor_display:inst1|      ; 6 (6)               ; 2 (2)                     ; 0           ; 0            ; 0       ; 0         ; 0    ; 0            ; |ED_aula1|Seletor_display:inst1                                    ; Seletor_display ; work         ;
;    |lpm_counter:inst4|          ; 18 (0)              ; 17 (0)                    ; 0           ; 0            ; 0       ; 0         ; 0    ; 0            ; |ED_aula1|lpm_counter:inst4                                        ; lpm_counter     ; work         ;
;       |cntr_c2h:auto_generated| ; 18 (18)             ; 17 (17)                   ; 0           ; 0            ; 0       ; 0         ; 0    ; 0            ; |ED_aula1|lpm_counter:inst4|cntr_c2h:auto_generated                ; cntr_c2h        ; work         ;
;    |lpm_counter:inst5|          ; 22 (0)              ; 15 (0)                    ; 0           ; 0            ; 0       ; 0         ; 0    ; 0            ; |ED_aula1|lpm_counter:inst5                                        ; lpm_counter     ; work         ;
;       |cntr_9vg:auto_generated| ; 22 (17)             ; 15 (15)                   ; 0           ; 0            ; 0       ; 0         ; 0    ; 0            ; |ED_aula1|lpm_counter:inst5|cntr_9vg:auto_generated                ; cntr_9vg        ; work         ;
;          |cmpr_cic:cmpr1|       ; 5 (5)               ; 0 (0)                     ; 0           ; 0            ; 0       ; 0         ; 0    ; 0            ; |ED_aula1|lpm_counter:inst5|cntr_9vg:auto_generated|cmpr_cic:cmpr1 ; cmpr_cic        ; work         ;
+---------------------------------+---------------------+---------------------------+-------------+--------------+---------+-----------+------+--------------+--------------------------------------------------------------------+-----------------+--------------+
Note: For table entries with two numbers listed, the numbers in parentheses indicate the number of resources of the given type used by the specific entity alone. The numbers listed outside of parentheses indicate the total resources of the given type used by the specific entity and all of its sub-entities in the hierarchy.


+------------------------------------------------------+
; General Register Statistics                          ;
+----------------------------------------------+-------+
; Statistic                                    ; Value ;
+----------------------------------------------+-------+
; Total registers                              ; 52    ;
; Number of registers using Synchronous Clear  ; 0     ;
; Number of registers using Synchronous Load   ; 15    ;
; Number of registers using Asynchronous Clear ; 16    ;
; Number of registers using Asynchronous Load  ; 0     ;
; Number of registers using Clock Enable       ; 0     ;
; Number of registers using Preset             ; 0     ;
+----------------------------------------------+-------+


+----------------------------------------------------------------+
; Parameter Settings for User Entity Instance: LPM_COUNTER:inst5 ;
+------------------------+--------------+------------------------+
; Parameter Name         ; Value        ; Type                   ;
+------------------------+--------------+------------------------+
; AUTO_CARRY_CHAINS      ; ON           ; AUTO_CARRY             ;
; IGNORE_CARRY_BUFFERS   ; OFF          ; IGNORE_CARRY           ;
; AUTO_CASCADE_CHAINS    ; ON           ; AUTO_CASCADE           ;
; IGNORE_CASCADE_BUFFERS ; OFF          ; IGNORE_CASCADE         ;
; LPM_WIDTH              ; 15           ; Untyped                ;
; LPM_DIRECTION          ; DEFAULT      ; Untyped                ;
; LPM_MODULUS            ; 25000        ; Untyped                ;
; LPM_AVALUE             ; UNUSED       ; Untyped                ;
; LPM_SVALUE             ; UNUSED       ; Untyped                ;
; LPM_PORT_UPDOWN        ; up           ; Untyped                ;
; DEVICE_FAMILY          ; Cyclone IV E ; Untyped                ;
; CARRY_CHAIN            ; MANUAL       ; Untyped                ;
; CARRY_CHAIN_LENGTH     ; 48           ; CARRY_CHAIN_LENGTH     ;
; NOT_GATE_PUSH_BACK     ; ON           ; NOT_GATE_PUSH_BACK     ;
; CARRY_CNT_EN           ; SMART        ; Untyped                ;
; LABWIDE_SCLR           ; ON           ; Untyped                ;
; USE_NEW_VERSION        ; TRUE         ; Untyped                ;
; CBXI_PARAMETER         ; cntr_9vg     ; Untyped                ;
+------------------------+--------------+------------------------+
Note: In order to hide this table in the UI and the text report file, please set the "Show Parameter Settings in Synthesis Report" option in "Analysis and Synthesis Settings -> More Settings" to "Off".


+----------------------------------------------------------------+
; Parameter Settings for User Entity Instance: LPM_COUNTER:inst4 ;
+------------------------+--------------+------------------------+
; Parameter Name         ; Value        ; Type                   ;
+------------------------+--------------+------------------------+
; AUTO_CARRY_CHAINS      ; ON           ; AUTO_CARRY             ;
; IGNORE_CARRY_BUFFERS   ; OFF          ; IGNORE_CARRY           ;
; AUTO_CASCADE_CHAINS    ; ON           ; AUTO_CASCADE           ;
; IGNORE_CASCADE_BUFFERS ; OFF          ; IGNORE_CASCADE         ;
; LPM_WIDTH              ; 17           ; Untyped                ;
; LPM_DIRECTION          ; DEFAULT      ; Untyped                ;
; LPM_MODULUS            ; 1250000      ; Untyped                ;
; LPM_AVALUE             ; UNUSED       ; Untyped                ;
; LPM_SVALUE             ; UNUSED       ; Untyped                ;
; LPM_PORT_UPDOWN        ; up           ; Untyped                ;
; DEVICE_FAMILY          ; Cyclone IV E ; Untyped                ;
; CARRY_CHAIN            ; MANUAL       ; Untyped                ;
; CARRY_CHAIN_LENGTH     ; 48           ; CARRY_CHAIN_LENGTH     ;
; NOT_GATE_PUSH_BACK     ; ON           ; NOT_GATE_PUSH_BACK     ;
; CARRY_CNT_EN           ; SMART        ; Untyped                ;
; LABWIDE_SCLR           ; ON           ; Untyped                ;
; USE_NEW_VERSION        ; TRUE         ; Untyped                ;
; CBXI_PARAMETER         ; cntr_c2h     ; Untyped                ;
+------------------------+--------------+------------------------+
Note: In order to hide this table in the UI and the text report file, please set the "Show Parameter Settings in Synthesis Report" option in "Analysis and Synthesis Settings -> More Settings" to "Off".


+-----------------------------------------------------+
; Post-Synthesis Netlist Statistics for Top Partition ;
+-----------------------+-----------------------------+
; Type                  ; Count                       ;
+-----------------------+-----------------------------+
; boundary_port         ; 12                          ;
; cycloneiii_ff         ; 52                          ;
;     CLR               ; 16                          ;
;     SLD               ; 15                          ;
;     plain             ; 21                          ;
; cycloneiii_lcell_comb ; 120                         ;
;     arith             ; 32                          ;
;         2 data inputs ; 32                          ;
;     normal            ; 88                          ;
;         0 data inputs ; 3                           ;
;         1 data inputs ; 9                           ;
;         2 data inputs ; 13                          ;
;         3 data inputs ; 6                           ;
;         4 data inputs ; 57                          ;
;                       ;                             ;
; Max LUT depth         ; 3.70                        ;
; Average LUT depth     ; 2.63                        ;
+-----------------------+-----------------------------+


+-------------------------------+
; Elapsed Time Per Partition    ;
+----------------+--------------+
; Partition Name ; Elapsed Time ;
+----------------+--------------+
; Top            ; 00:00:00     ;
+----------------+--------------+


+-------------------------------+
; Analysis & Synthesis Messages ;
+-------------------------------+
Info: *******************************************************************
Info: Running Quartus Prime Analysis & Synthesis
    Info: Version 20.1.1 Build 720 11/11/2020 SJ Lite Edition
    Info: Processing started: Fri Jun 13 15:13:36 2025
Info: Command: quartus_map --read_settings_files=on --write_settings_files=off ED_aula1 -c ED_aula1
Warning (18236): Number of processors has not been specified which may cause overloading on shared machines.  Set the global assignment NUM_PARALLEL_PROCESSORS in your QSF to an appropriate value for best performance.
Info (20030): Parallel compilation is enabled and will use 16 of the 16 processors detected
Info (12021): Found 1 design units, including 1 entities, in source file ED_aula1.bdf
    Info (12023): Found entity 1: ED_aula1
Info (12021): Found 1 design units, including 1 entities, in source file Contador.bdf
    Info (12023): Found entity 1: Contador
Warning (12019): Can't analyze file -- file /media/ldealuno/SANDISK 3_2/7 PERIODO.bdf is missing
Warning (12090): Entity "mux" obtained from "mux.bdf" instead of from Quartus Prime megafunction library
Info (12021): Found 1 design units, including 1 entities, in source file mux.bdf
    Info (12023): Found entity 1: mux
Info (12021): Found 1 design units, including 1 entities, in source file Contador_4DIG.bdf
    Info (12023): Found entity 1: Contador_4DIG
Info (12021): Found 1 design units, including 1 entities, in source file output_files/Seletor_display.bdf
    Info (12023): Found entity 1: Seletor_display
Info (12021): Found 1 design units, including 1 entities, in source file Multiplexador.bdf
    Info (12023): Found entity 1: Multiplexador
Info (12021): Found 1 design units, including 1 entities, in source file Contador_2DIG.bdf
    Info (12023): Found entity 1: Contador_2DIG
Info (12021): Found 1 design units, including 1 entities, in source file Contador_3DIG.bdf
    Info (12023): Found entity 1: Contador_3DIG
Info (12127): Elaborating entity "ED_aula1" for the top level hierarchy
Warning (275004): Undeclared parameter up
Warning (275006): Can't find a definition for parameter LPM_PORT_UPDOWN -- assuming up was intended to be a quoted string
Warning (275004): Undeclared parameter up
Warning (275006): Can't find a definition for parameter LPM_PORT_UPDOWN -- assuming up was intended to be a quoted string
Warning (275013): Port "Clk" of type Contador and instance "inst31" is missing source signal
Info (12128): Elaborating entity "Seletor_display" for hierarchy "Seletor_display:inst1"
Warning (272007): MGL_INTERNAL_WARNING: ( The parameter value is not one of the pre-specified values in the value list.) lpm_counter|lpm_port_updown The value assigned is up and the valid value list is PORT_USED|PORT_UNUSED|PORT_CONNECTIVITY
Info (12128): Elaborating entity "LPM_COUNTER" for hierarchy "LPM_COUNTER:inst5"
Info (12130): Elaborated megafunction instantiation "LPM_COUNTER:inst5"
Info (12133): Instantiated megafunction "LPM_COUNTER:inst5" with the following parameter:
    Info (12134): Parameter "LPM_MODULUS" = "25000"
    Info (12134): Parameter "LPM_PORT_UPDOWN" = "up"
    Info (12134): Parameter "LPM_WIDTH" = "15"
Warning (287001): Assertion warning: MGL_INTERNAL_WARNING: ( The parameter value is not one of the pre-specified values in the value list.) lpm_counter|lpm_port_updown The value assigned is up and the valid value list is PORT_USED|PORT_UNUSED|PORT_CONNECTIVITY File: /home/ldealuno/Downloads/Aula_0/Aula_0-20250528T160705Z-1-001/Aula_0/db/cntr_9vg.tdf Line: 158
Info (12021): Found 1 design units, including 1 entities, in source file db/cntr_9vg.tdf
    Info (12023): Found entity 1: cntr_9vg File: /home/ldealuno/Downloads/Aula_0/Aula_0-20250528T160705Z-1-001/Aula_0/db/cntr_9vg.tdf Line: 28
Info (12128): Elaborating entity "cntr_9vg" for hierarchy "LPM_COUNTER:inst5|cntr_9vg:auto_generated" File: /home/ldealuno/intelFPGA_lite/20.1/quartus/libraries/megafunctions/lpm_counter.tdf Line: 259
Info (12021): Found 1 design units, including 1 entities, in source file db/cmpr_cic.tdf
    Info (12023): Found entity 1: cmpr_cic File: /home/ldealuno/Downloads/Aula_0/Aula_0-20250528T160705Z-1-001/Aula_0/db/cmpr_cic.tdf Line: 23
Info (12128): Elaborating entity "cmpr_cic" for hierarchy "LPM_COUNTER:inst5|cntr_9vg:auto_generated|cmpr_cic:cmpr1" File: /home/ldealuno/Downloads/Aula_0/Aula_0-20250528T160705Z-1-001/Aula_0/db/cntr_9vg.tdf Line: 110
Info (12128): Elaborating entity "Multiplexador" for hierarchy "Multiplexador:inst15"
Info (12128): Elaborating entity "7447" for hierarchy "7447:inst87"
Info (12130): Elaborated megafunction instantiation "7447:inst87"
Info (12128): Elaborating entity "Contador_3DIG" for hierarchy "Contador_3DIG:inst17"
Warning (272007): MGL_INTERNAL_WARNING: ( The parameter value is not one of the pre-specified values in the value list.) lpm_counter|lpm_port_updown The value assigned is up and the valid value list is PORT_USED|PORT_UNUSED|PORT_CONNECTIVITY
Warning (272007): LPM_MODULUS input value is 1250000. It should be within the range of 1 to 2^17. Assume no modulus input
Info (12128): Elaborating entity "LPM_COUNTER" for hierarchy "LPM_COUNTER:inst4"
Warning (287001): Assertion warning: Value of LPM_MODULUS parameter (1250000) is too large for a 17-bit counter File: /home/ldealuno/intelFPGA_lite/20.1/quartus/libraries/megafunctions/lpm_counter.tdf Line: 449
Info (12130): Elaborated megafunction instantiation "LPM_COUNTER:inst4"
Info (12133): Instantiated megafunction "LPM_COUNTER:inst4" with the following parameter:
    Info (12134): Parameter "LPM_MODULUS" = "1250000"
    Info (12134): Parameter "LPM_PORT_UPDOWN" = "up"
    Info (12134): Parameter "LPM_WIDTH" = "17"
Warning (287001): Assertion warning: MGL_INTERNAL_WARNING: ( The parameter value is not one of the pre-specified values in the value list.) lpm_counter|lpm_port_updown The value assigned is up and the valid value list is PORT_USED|PORT_UNUSED|PORT_CONNECTIVITY File: /home/ldealuno/Downloads/Aula_0/Aula_0-20250528T160705Z-1-001/Aula_0/db/cntr_c2h.tdf Line: 155
Warning (287001): Assertion warning: LPM_MODULUS input value is 1250000. It should be within the range of 1 to 2^17. Assume no modulus input File: /home/ldealuno/Downloads/Aula_0/Aula_0-20250528T160705Z-1-001/Aula_0/db/cntr_c2h.tdf Line: 158
Info (12021): Found 1 design units, including 1 entities, in source file db/cntr_c2h.tdf
    Info (12023): Found entity 1: cntr_c2h File: /home/ldealuno/Downloads/Aula_0/Aula_0-20250528T160705Z-1-001/Aula_0/db/cntr_c2h.tdf Line: 26
Info (12128): Elaborating entity "cntr_c2h" for hierarchy "LPM_COUNTER:inst4|cntr_c2h:auto_generated" File: /home/ldealuno/intelFPGA_lite/20.1/quartus/libraries/megafunctions/lpm_counter.tdf Line: 259
Info (12128): Elaborating entity "Contador" for hierarchy "Contador:inst31"
Info (286030): Timing-Driven Synthesis is running
Info (16010): Generating hard_block partition "hard_block:auto_generated_inst"
    Info (16011): Adding 0 node(s), including 0 DDIO, 0 PLL, 0 transceiver and 0 LCELL
Info (21057): Implemented 129 device resources after synthesis - the final resource count might be different
    Info (21058): Implemented 1 input pins
    Info (21059): Implemented 11 output pins
    Info (21061): Implemented 117 logic cells
Info: Quartus Prime Analysis & Synthesis was successful. 0 errors, 15 warnings
    Info: Peak virtual memory: 482 megabytes
    Info: Processing ended: Fri Jun 13 15:13:42 2025
    Info: Elapsed time: 00:00:06
    Info: Total CPU time (on all processors): 00:00:14


